Temp/gradleOut/unityLibrary/build/intermediates/manifest_merge_blame_file/release/manifest-merger-blame-release-report.txt
1<?xml version="1.0" encoding="utf-8"?>
2<!-- GENERATED BY UNITY. REMOVE THIS COMMENT TO PREVENT OVERWRITING WHEN EXPORTING AGAIN -->
3<manifest xmlns:android="http://schemas.android.com/apk/res/android"
4    xmlns:tools="http://schemas.android.com/tools"
5    package="com.unity3d.player"
6    android:versionCode="1"
7    android:versionName="0.1" >
8
9    <uses-sdk
10        android:minSdkVersion="24"
10-->src\main\AndroidManifest.xml
11        android:targetSdkVersion="29" />
11-->src\main\AndroidManifest.xml
12
13    <uses-feature android:glEsVersion="0x00020000" />
13-->src\main\AndroidManifest.xml:19:3-52
13-->src\main\AndroidManifest.xml:19:17-49
14
15    <uses-permission android:name="android.permission.INTERNET" />
15-->src\main\AndroidManifest.xml:20:3-65
15-->src\main\AndroidManifest.xml:20:20-62
16    <uses-permission android:name="android.permission.CHANGE_WIFI_MULTICAST_STATE" />
16-->src\main\AndroidManifest.xml:21:3-84
16-->src\main\AndroidManifest.xml:21:20-81
17
18    <uses-feature
18-->src\main\AndroidManifest.xml:22:3-88
19        android:name="android.hardware.touchscreen"
19-->src\main\AndroidManifest.xml:22:17-60
20        android:required="false" />
20-->src\main\AndroidManifest.xml:22:61-85
21    <uses-feature
21-->src\main\AndroidManifest.xml:23:3-99
22        android:name="android.hardware.touchscreen.multitouch"
22-->src\main\AndroidManifest.xml:23:17-71
23        android:required="false" />
23-->src\main\AndroidManifest.xml:23:72-96
24    <uses-feature
24-->src\main\AndroidManifest.xml:24:3-108
25        android:name="android.hardware.touchscreen.multitouch.distinct"
25-->src\main\AndroidManifest.xml:24:17-80
26        android:required="false" />
26-->src\main\AndroidManifest.xml:24:81-105
27
28    <uses-permission android:name="android.permission.CAMERA" />
28-->src\main\AndroidManifest.xml:25:3-63
28-->src\main\AndroidManifest.xml:25:20-60
29
30    <uses-feature
30-->src\main\AndroidManifest.xml:26:3-85
31        android:name="android.hardware.camera.ar"
31-->src\main\AndroidManifest.xml:26:17-58
32        android:required="true" />
32-->src\main\AndroidManifest.xml:26:59-82
33
34    <application android:isGame="true" >
34-->src\main\AndroidManifest.xml:4:3-18:17
34-->src\main\AndroidManifest.xml:4:16-37
35        <activity
35-->src\main\AndroidManifest.xml:5:5-12:16
36            android:name="com.unity3d.player.UnityPlayerActivity"
36-->src\main\AndroidManifest.xml:5:15-68
37            android:configChanges="mcc|mnc|locale|touchscreen|keyboard|keyboardHidden|navigation|orientation|screenLayout|uiMode|screenSize|smallestScreenSize|fontScale|layoutDirection|density"
37-->src\main\AndroidManifest.xml:5:182-363
38            android:hardwareAccelerated="false"
38-->src\main\AndroidManifest.xml:5:364-399
39            android:launchMode="singleTask"
39-->src\main\AndroidManifest.xml:5:150-181
40            android:screenOrientation="fullSensor"
40-->src\main\AndroidManifest.xml:5:111-149
41            android:theme="@style/UnityThemeSelector" >
41-->src\main\AndroidManifest.xml:5:69-110
42            <intent-filter>
42-->src\main\AndroidManifest.xml:6:7-10:23
43                <action android:name="android.intent.action.MAIN" />
43-->src\main\AndroidManifest.xml:7:9-61
43-->src\main\AndroidManifest.xml:7:17-58
44
45                <category android:name="android.intent.category.LAUNCHER" />
45-->src\main\AndroidManifest.xml:8:9-69
45-->src\main\AndroidManifest.xml:8:19-66
46                <category android:name="android.intent.category.LEANBACK_LAUNCHER" />
46-->src\main\AndroidManifest.xml:9:9-78
46-->src\main\AndroidManifest.xml:9:19-75
47            </intent-filter>
48
49            <meta-data
49-->src\main\AndroidManifest.xml:11:7-82
50                android:name="unityplayer.UnityActivity"
50-->src\main\AndroidManifest.xml:11:18-58
51                android:value="true" />
51-->src\main\AndroidManifest.xml:11:59-79
52        </activity>
53
54        <meta-data
54-->src\main\AndroidManifest.xml:13:5-69
55            android:name="unity.splash-mode"
55-->src\main\AndroidManifest.xml:13:16-48
56            android:value="0" />
56-->src\main\AndroidManifest.xml:13:49-66
57        <meta-data
57-->src\main\AndroidManifest.xml:14:5-74
58            android:name="unity.splash-enable"
58-->src\main\AndroidManifest.xml:14:16-50
59            android:value="True" />
59-->src\main\AndroidManifest.xml:14:51-71
60        <meta-data
60-->src\main\AndroidManifest.xml:15:5-101
61            android:name="unity.build-id"
61-->src\main\AndroidManifest.xml:15:16-45
62            android:value="07fbc4d7-0d5f-445f-b834-a44eaca33260" />
62-->src\main\AndroidManifest.xml:15:46-98
63        <meta-data
63-->src\main\AndroidManifest.xml:16:5-88
64            android:name="unityplayer.SkipPermissionsDialog"
64-->src\main\AndroidManifest.xml:16:16-64
65            android:value="true" />
65-->src\main\AndroidManifest.xml:16:65-85
66        <meta-data
66-->src\main\AndroidManifest.xml:17:5-77
67            android:name="com.google.ar.core"
67-->src\main\AndroidManifest.xml:17:16-49
68            android:value="required" />
68-->src\main\AndroidManifest.xml:17:50-74
69    </application>
70
71</manifest>